17:06:54.756 [main] INFO  logback.LogbackDemo - ======info
17:06:54.761 [main] WARN  logback.LogbackDemo - ======warn
17:06:54.761 [main] ERROR logback.LogbackDemo - ======error
17:06:54.763 [main] INFO  logback.LogbackDemo - Hello, Danny
17:06:54.763 [main] INFO  logback.LogbackDemo - Hello, Danny! 3Q!
17:06:54.763 [main] INFO  logback.LogbackDemo - Fruit: Apple Banana
18:07:55.766 [main] INFO  logback.LogbackDemo - ======info
18:07:55.771 [main] WARN  logback.LogbackDemo - ======warn
18:07:55.771 [main] ERROR logback.LogbackDemo - ======error
18:07:55.771 [main] INFO  logback.LogbackDemo - Hello, Danny
18:07:55.772 [main] INFO  logback.LogbackDemo - Hello, Danny! 3Q!
18:07:55.772 [main] INFO  logback.LogbackDemo - Fruit: Apple Banana
18:08:09.267 [main] INFO  logback.LogbackDemo - ======info
18:08:09.272 [main] WARN  logback.LogbackDemo - ======warn
18:08:09.272 [main] ERROR logback.LogbackDemo - ======error
18:08:09.273 [main] INFO  logback.LogbackDemo - Hello, Danny
18:08:09.273 [main] INFO  logback.LogbackDemo - Hello, Danny! 3Q!
18:08:09.273 [main] INFO  logback.LogbackDemo - Fruit: Apple Banana
18:24:44.280 [main] INFO  logback.LogbackDemo - ======info
18:24:44.285 [main] WARN  logback.LogbackDemo - ======warn
18:24:44.285 [main] ERROR logback.LogbackDemo - ======error
18:24:44.285 [main] INFO  logback.LogbackDemo - Hello, Danny
18:24:44.285 [main] INFO  logback.LogbackDemo - Hello, Danny! 3Q!
18:24:44.285 [main] INFO  logback.LogbackDemo - Fruit: Apple Banana
18:25:26.708 [main] INFO  logback.LogbackDemo - ======info
18:25:26.710 [main] WARN  logback.LogbackDemo - ======warn
18:25:26.710 [main] ERROR logback.LogbackDemo - ======error
18:25:26.711 [main] INFO  logback.LogbackDemo - Hello, Danny
18:25:26.711 [main] INFO  logback.LogbackDemo - Hello, Danny! 3Q!
18:25:26.711 [main] INFO  logback.LogbackDemo - Fruit: Apple Banana
18:26:46.831 [main] INFO  logback.LogbackDemo - ======info
18:26:46.836 [main] WARN  logback.LogbackDemo - ======warn
18:26:46.836 [main] ERROR logback.LogbackDemo - ======error
18:26:46.837 [main] INFO  logback.LogbackDemo - Hello, Danny
18:26:46.837 [main] INFO  logback.LogbackDemo - Hello, Danny! 3Q!
18:26:46.837 [main] INFO  logback.LogbackDemo - Fruit: Apple Banana
